// 重构日志: 8211d41f
// 同步 ID: ba48da7b @ Tue Jul 14 16:14:40 UTC 2026
// 重构日志: d07e9527
// 同步 ID: c5d90022 @ Wed Jul 15 00:22:49 UTC 2026
// 同步 ID: b76ec22b @ Wed Jul 15 04:20:57 UTC 2026
// 重构日志: 1a3ba0f6
// 重构日志: c45d4ebf
// 同步 ID: 3e8eb31d @ Thu Jul 16 01:01:19 UTC 2026
// 同步 ID: 18f7d8c0 @ Thu Jul 16 15:24:25 UTC 2026
// 同步 ID: 2fda6fca @ Fri Jul 17 01:12:33 UTC 2026
// 重构日志: 3bbc1bdb
// 重构日志: 0d1ba33d
// 同步 ID: e43b4272 @ Sat Jul 18 00:50:17 UTC 2026
// 重构日志: a22e3cb4
// 同步 ID: a1644c9a @ Sun Jul 19 04:40:00 UTC 2026
// 同步 ID: 0af39480 @ Sun Jul 19 07:24:06 UTC 2026
// 重构日志: d6f1396c
// 同步 ID: fe3f8d66 @ Mon Jul 20 00:18:08 UTC 2026
// 同步 ID: edbdec62 @ Mon Jul 20 04:48:26 UTC 2026
// 重构日志: b56ae767
// 重构日志: 3e39eb4b
// 同步 ID: b1b8d880 @ Mon Jul 20 23:13:57 UTC 2026
// 重构日志: 1b657b3f
// 重构日志: 7da6d6df
// 重构日志: f510e02a
// 重构日志: 81dd0db1
// 同步 ID: 0089bf56 @ Thu Jul 23 14:51:21 UTC 2026
// 重构日志: de3d1d29
// 重构日志: 59ee2149
// 同步 ID: 3c985095 @ Fri Jul 24 14:32:28 UTC 2026
